\BOOKMARK [1][-]{Doc-Start}{\376\377\000P\000r\000o\000f\000i\000l\000e}{}% 1
\BOOKMARK [1][-]{Doc-Start}{\376\377\000E\000d\000u\000c\000a\000t\000i\000o\000n}{}% 2
\BOOKMARK [1][-]{table.1}{\376\377\000C\000u\000r\000r\000e\000n\000t\000\040\000a\000p\000p\000o\000i\000n\000t\000m\000e\000n\000t\000s}{}% 3
\BOOKMARK [1][-]{table.2}{\376\377\000P\000r\000e\000v\000i\000o\000u\000s\000\040\000a\000p\000p\000o\000i\000n\000t\000m\000e\000n\000t\000s}{}% 4
\BOOKMARK [1][-]{table.3}{\376\377\000A\000c\000a\000d\000e\000m\000i\000c\000\040\000a\000n\000d\000\040\000r\000e\000s\000e\000a\000r\000c\000h\000\040\000l\000e\000a\000d\000e\000r\000s\000h\000i\000p\000\040\000r\000o\000l\000e\000s}{}% 5
\BOOKMARK [1][-]{table.4}{\376\377\000A\000w\000a\000r\000d\000s\000\040\000a\000n\000d\000\040\000h\000o\000n\000o\000u\000r\000s}{}% 6
\BOOKMARK [1][-]{table.5}{\376\377\000R\000e\000s\000e\000a\000r\000c\000h}{}% 7
\BOOKMARK [1][-]{Item.3}{\376\377\000P\000u\000b\000l\000i\000c\000a\000t\000i\000o\000n\000\040\000M\000e\000t\000r\000i\000c\000s}{}% 8
\BOOKMARK [1][-]{figure.1}{\376\377\000P\000r\000e\000s\000e\000n\000t\000a\000t\000i\000o\000n\000s}{}% 9
\BOOKMARK [1][-]{table.6}{\376\377\000R\000e\000s\000e\000a\000r\000c\000h\000\040\000f\000u\000n\000d\000i\000n\000g}{}% 10
\BOOKMARK [1][-]{table.7}{\376\377\000R\000e\000s\000e\000a\000r\000c\000h\000\040\000i\000n\000s\000t\000r\000u\000m\000e\000n\000t\000s}{}% 11
\BOOKMARK [1][-]{table.8}{\376\377\000T\000e\000a\000c\000h\000i\000n\000g}{}% 12
\BOOKMARK [2][-]{section*.1}{\376\377\000C\000u\000r\000r\000e\000n\000t\000\040\000s\000t\000u\000d\000e\000n\000t\000s}{table.8}% 13
\BOOKMARK [2][-]{table.9}{\376\377\000P\000a\000s\000t\000\040\000s\000t\000u\000d\000e\000n\000t\000s}{table.8}% 14
\BOOKMARK [1][-]{table.10}{\376\377\000G\000o\000v\000e\000r\000n\000a\000n\000c\000e\000,\000\040\000l\000e\000a\000d\000e\000r\000s\000h\000i\000p\000,\000\040\000a\000n\000d\000\040\000e\000n\000g\000a\000g\000e\000m\000e\000n\000t}{}% 15
\BOOKMARK [1][-]{table.10}{\376\377\000E\000d\000i\000t\000o\000r\000i\000a\000l\000\040\000p\000o\000s\000i\000t\000i\000o\000n\000s}{}% 16
\BOOKMARK [1][-]{table.11}{\376\377\000P\000e\000e\000r\000\040\000r\000e\000v\000i\000e\000w}{}% 17
\BOOKMARK [2][-]{section*.2}{\376\377\000C\000o\000m\000p\000e\000t\000i\000t\000i\000v\000e\000\040\000f\000u\000n\000d\000i\000n\000g}{table.11}% 18
\BOOKMARK [2][-]{table.12}{\376\377\000J\000o\000u\000r\000n\000a\000l\000s\000\040\000\050\000A\000d\000\040\000h\000o\000c\000\040\000r\000e\000v\000i\000e\000w\000e\000r\000\051}{table.11}% 19
\BOOKMARK [2][-]{table.12}{\376\377\000T\000h\000e\000s\000i\000s\000\040\000e\000x\000a\000m\000i\000n\000e\000r}{table.11}% 20
\BOOKMARK [1][-]{table.13}{\376\377\000C\000o\000m\000m\000i\000t\000t\000e\000e\000\040\000m\000e\000m\000b\000e\000r\000s\000h\000i\000p\000s}{}% 21
\BOOKMARK [1][-]{table.14}{\376\377\000C\000o\000n\000f\000e\000r\000e\000n\000c\000e\000/\000w\000o\000r\000k\000s\000h\000o\000p\000\040\000p\000l\000a\000n\000n\000i\000n\000g}{}% 22
\BOOKMARK [1][-]{table.15}{\376\377\000M\000e\000d\000i\000a}{}% 23
\BOOKMARK [1][-]{table.16}{\376\377\000P\000r\000o\000f\000e\000s\000s\000i\000o\000n\000a\000l\000\040\000m\000e\000m\000b\000e\000r\000s\000h\000i\000p\000s}{}% 24
\BOOKMARK [1][-]{table.17}{\376\377\000P\000u\000b\000l\000i\000c\000a\000t\000i\000o\000n\000\040\000l\000i\000s\000t}{}% 25
\BOOKMARK [2][-]{section*.3}{\376\377\000P\000h\000D\000\040\000T\000h\000e\000s\000i\000s}{table.17}% 26
\BOOKMARK [2][-]{bib.1}{\376\377\000B\000o\000o\000k\000\040\000C\000h\000a\000p\000t\000e\000r\000s}{table.17}% 27
\BOOKMARK [2][-]{bib.1}{\376\377\000R\000e\000f\000e\000r\000e\000e\000d\000\040\000r\000e\000s\000e\000a\000r\000c\000h\000\040\000a\000r\000t\000i\000c\000l\000e\000s}{table.17}% 28
\BOOKMARK [2][-]{bib.1}{\376\377\000T\000e\000c\000h\000n\000i\000c\000a\000l\000\040\000r\000e\000p\000o\000r\000t\000s}{table.17}% 29
